app/build/intermediates/manifest_merge_blame_file/debug/processDebugMainManifest/manifest-merger-blame-debug-report.txt
1<?xml version="1.0" encoding="utf-8"?>
2<manifest xmlns:android="http://schemas.android.com/apk/res/android"
3    package="com.example.personallifelogger"
4    android:versionCode="1"
5    android:versionName="1.0" >
6
7    <uses-sdk
8        android:minSdkVersion="24"
9        android:targetSdkVersion="34" />
10
11    <uses-permission android:name="android.permission.INTERNET" />
11-->src\main\AndroidManifest.xml:5:5-67
11-->src\main\AndroidManifest.xml:5:22-64
12    <uses-permission android:name="android.permission.READ_MEDIA_IMAGES" />
12-->src\main\AndroidManifest.xml:6:5-76
12-->src\main\AndroidManifest.xml:6:22-73
13    <uses-permission
13-->src\main\AndroidManifest.xml:7:5-8:38
14        android:name="android.permission.READ_EXTERNAL_STORAGE"
14-->src\main\AndroidManifest.xml:7:22-77
15        android:maxSdkVersion="32" />
15-->src\main\AndroidManifest.xml:8:9-35
16
17    <!-- Camera and Audio permissions -->
18    <uses-permission android:name="android.permission.CAMERA" />
18-->src\main\AndroidManifest.xml:11:5-65
18-->src\main\AndroidManifest.xml:11:22-62
19    <uses-permission android:name="android.permission.RECORD_AUDIO" />
19-->src\main\AndroidManifest.xml:12:5-71
19-->src\main\AndroidManifest.xml:12:22-68
20    <uses-permission
20-->src\main\AndroidManifest.xml:13:5-14:38
21        android:name="android.permission.WRITE_EXTERNAL_STORAGE"
21-->src\main\AndroidManifest.xml:13:22-78
22        android:maxSdkVersion="32" />
22-->src\main\AndroidManifest.xml:14:9-35
23
24    <uses-feature
24-->src\main\AndroidManifest.xml:16:5-85
25        android:name="android.hardware.camera"
25-->src\main\AndroidManifest.xml:16:19-57
26        android:required="false" />
26-->src\main\AndroidManifest.xml:16:58-82
27    <uses-feature
27-->src\main\AndroidManifest.xml:17:5-89
28        android:name="android.hardware.microphone"
28-->src\main\AndroidManifest.xml:17:19-61
29        android:required="false" />
29-->src\main\AndroidManifest.xml:17:62-86
30
31    <uses-permission android:name="android.permission.ACCESS_NETWORK_STATE" />
31-->[com.google.firebase:firebase-auth:23.1.0] AndroidManifest.xml:26:5-79
31-->[com.google.firebase:firebase-auth:23.1.0] AndroidManifest.xml:26:22-76
32    <uses-permission android:name="com.google.android.providers.gsf.permission.READ_GSERVICES" />
32-->[com.google.android.recaptcha:recaptcha:18.5.1] AndroidManifest.xml:9:5-98
32-->[com.google.android.recaptcha:recaptcha:18.5.1] AndroidManifest.xml:9:22-95
33
34    <permission
34-->[androidx.core:core:1.13.1] AndroidManifest.xml:22:5-24:47
35        android:name="com.example.personallifelogger.DYNAMIC_RECEIVER_NOT_EXPORTED_PERMISSION"
35-->[androidx.core:core:1.13.1] AndroidManifest.xml:23:9-81
36        android:protectionLevel="signature" />
36-->[androidx.core:core:1.13.1] AndroidManifest.xml:24:9-44
37
38    <uses-permission android:name="com.example.personallifelogger.DYNAMIC_RECEIVER_NOT_EXPORTED_PERMISSION" />
38-->[androidx.core:core:1.13.1] AndroidManifest.xml:26:5-97
38-->[androidx.core:core:1.13.1] AndroidManifest.xml:26:22-94
39
40    <application
40-->src\main\AndroidManifest.xml:19:5-48:19
41        android:name="com.example.personallifelogger.LifeLoggerApp"
41-->src\main\AndroidManifest.xml:20:9-38
42        android:allowBackup="true"
42-->src\main\AndroidManifest.xml:21:9-35
43        android:appComponentFactory="androidx.core.app.CoreComponentFactory"
43-->[androidx.core:core:1.13.1] AndroidManifest.xml:28:18-86
44        android:debuggable="true"
45        android:extractNativeLibs="false"
46        android:icon="@mipmap/ic_launcher"
46-->src\main\AndroidManifest.xml:22:9-43
47        android:label="@string/app_name"
47-->src\main\AndroidManifest.xml:23:9-41
48        android:supportsRtl="true"
48-->src\main\AndroidManifest.xml:24:9-35
49        android:testOnly="true"
50        android:theme="@style/Theme.PersonalLifeLogger" >
50-->src\main\AndroidManifest.xml:25:9-56
51        <activity
51-->src\main\AndroidManifest.xml:28:9-36:20
52            android:name="com.example.personallifelogger.MainActivity"
52-->src\main\AndroidManifest.xml:29:13-41
53            android:exported="true"
53-->src\main\AndroidManifest.xml:30:13-36
54            android:theme="@style/Theme.PersonalLifeLogger" >
54-->src\main\AndroidManifest.xml:31:13-60
55            <intent-filter>
55-->src\main\AndroidManifest.xml:32:13-35:29
56                <action android:name="android.intent.action.MAIN" />
56-->src\main\AndroidManifest.xml:33:17-69
56-->src\main\AndroidManifest.xml:33:25-66
57
58                <category android:name="android.intent.category.LAUNCHER" />
58-->src\main\AndroidManifest.xml:34:17-77
58-->src\main\AndroidManifest.xml:34:27-74
59            </intent-filter>
60        </activity>
61
62        <!-- FileProvider for camera photos -->
63        <provider
64            android:name="androidx.core.content.FileProvider"
64-->src\main\AndroidManifest.xml:40:13-62
65            android:authorities="com.example.personallifelogger.fileprovider"
65-->src\main\AndroidManifest.xml:41:13-64
66            android:exported="false"
66-->src\main\AndroidManifest.xml:42:13-37
67            android:grantUriPermissions="true" >
67-->src\main\AndroidManifest.xml:43:13-47
68            <meta-data
68-->src\main\AndroidManifest.xml:44:13-46:54
69                android:name="android.support.FILE_PROVIDER_PATHS"
69-->src\main\AndroidManifest.xml:45:17-67
70                android:resource="@xml/file_paths" />
70-->src\main\AndroidManifest.xml:46:17-51
71        </provider>
72        <!--
73        Service for holding metadata. Cannot be instantiated.
74        Metadata will be merged from other manifests.
75        -->
76        <service
76-->[androidx.camera:camera-core:1.3.4] AndroidManifest.xml:29:9-33:78
77            android:name="androidx.camera.core.impl.MetadataHolderService"
77-->[androidx.camera:camera-core:1.3.4] AndroidManifest.xml:30:13-75
78            android:enabled="false"
78-->[androidx.camera:camera-core:1.3.4] AndroidManifest.xml:31:13-36
79            android:exported="false" >
79-->[androidx.camera:camera-core:1.3.4] AndroidManifest.xml:32:13-37
80            <meta-data
80-->[androidx.camera:camera-camera2:1.3.4] AndroidManifest.xml:30:13-32:89
81                android:name="androidx.camera.core.impl.MetadataHolderService.DEFAULT_CONFIG_PROVIDER"
81-->[androidx.camera:camera-camera2:1.3.4] AndroidManifest.xml:31:17-103
82                android:value="androidx.camera.camera2.Camera2Config$DefaultProvider" />
82-->[androidx.camera:camera-camera2:1.3.4] AndroidManifest.xml:32:17-86
83        </service>
84
85        <activity
85-->[com.google.firebase:firebase-auth:23.1.0] AndroidManifest.xml:29:9-46:20
86            android:name="com.google.firebase.auth.internal.GenericIdpActivity"
86-->[com.google.firebase:firebase-auth:23.1.0] AndroidManifest.xml:30:13-80
87            android:excludeFromRecents="true"
87-->[com.google.firebase:firebase-auth:23.1.0] AndroidManifest.xml:31:13-46
88            android:exported="true"
88-->[com.google.firebase:firebase-auth:23.1.0] AndroidManifest.xml:32:13-36
89            android:launchMode="singleTask"
89-->[com.google.firebase:firebase-auth:23.1.0] AndroidManifest.xml:33:13-44
90            android:theme="@android:style/Theme.Translucent.NoTitleBar" >
90-->[com.google.firebase:firebase-auth:23.1.0] AndroidManifest.xml:34:13-72
91            <intent-filter>
91-->[com.google.firebase:firebase-auth:23.1.0] AndroidManifest.xml:35:13-45:29
92                <action android:name="android.intent.action.VIEW" />
92-->[com.google.firebase:firebase-auth:23.1.0] AndroidManifest.xml:36:17-69
92-->[com.google.firebase:firebase-auth:23.1.0] AndroidManifest.xml:36:25-66
93
94                <category android:name="android.intent.category.DEFAULT" />
94-->[com.google.firebase:firebase-auth:23.1.0] AndroidManifest.xml:38:17-76
94-->[com.google.firebase:firebase-auth:23.1.0] AndroidManifest.xml:38:27-73
95                <category android:name="android.intent.category.BROWSABLE" />
95-->[com.google.firebase:firebase-auth:23.1.0] AndroidManifest.xml:39:17-78
95-->[com.google.firebase:firebase-auth:23.1.0] AndroidManifest.xml:39:27-75
96
97                <data
97-->[com.google.firebase:firebase-auth:23.1.0] AndroidManifest.xml:41:17-44:51
98                    android:host="firebase.auth"
98-->[com.google.firebase:firebase-auth:23.1.0] AndroidManifest.xml:42:21-49
99                    android:path="/"
99-->[com.google.firebase:firebase-auth:23.1.0] AndroidManifest.xml:43:21-37
100                    android:scheme="genericidp" />
100-->[com.google.firebase:firebase-auth:23.1.0] AndroidManifest.xml:44:21-48
101            </intent-filter>
102        </activity>
103        <activity
103-->[com.google.firebase:firebase-auth:23.1.0] AndroidManifest.xml:47:9-64:20
104            android:name="com.google.firebase.auth.internal.RecaptchaActivity"
104-->[com.google.firebase:firebase-auth:23.1.0] AndroidManifest.xml:48:13-79
105            android:excludeFromRecents="true"
105-->[com.google.firebase:firebase-auth:23.1.0] AndroidManifest.xml:49:13-46
106            android:exported="true"
106-->[com.google.firebase:firebase-auth:23.1.0] AndroidManifest.xml:50:13-36
107            android:launchMode="singleTask"
107-->[com.google.firebase:firebase-auth:23.1.0] AndroidManifest.xml:51:13-44
108            android:theme="@android:style/Theme.Translucent.NoTitleBar" >
108-->[com.google.firebase:firebase-auth:23.1.0] AndroidManifest.xml:52:13-72
109            <intent-filter>
109-->[com.google.firebase:firebase-auth:23.1.0] AndroidManifest.xml:53:13-63:29
110                <action android:name="android.intent.action.VIEW" />
110-->[com.google.firebase:firebase-auth:23.1.0] AndroidManifest.xml:36:17-69
110-->[com.google.firebase:firebase-auth:23.1.0] AndroidManifest.xml:36:25-66
111
112                <category android:name="android.intent.category.DEFAULT" />
112-->[com.google.firebase:firebase-auth:23.1.0] AndroidManifest.xml:38:17-76
112-->[com.google.firebase:firebase-auth:23.1.0] AndroidManifest.xml:38:27-73
113                <category android:name="android.intent.category.BROWSABLE" />
113-->[com.google.firebase:firebase-auth:23.1.0] AndroidManifest.xml:39:17-78
113-->[com.google.firebase:firebase-auth:23.1.0] AndroidManifest.xml:39:27-75
114
115                <data
115-->[com.google.firebase:firebase-auth:23.1.0] AndroidManifest.xml:41:17-44:51
116                    android:host="firebase.auth"
116-->[com.google.firebase:firebase-auth:23.1.0] AndroidManifest.xml:42:21-49
117                    android:path="/"
117-->[com.google.firebase:firebase-auth:23.1.0] AndroidManifest.xml:43:21-37
118                    android:scheme="recaptcha" />
118-->[com.google.firebase:firebase-auth:23.1.0] AndroidManifest.xml:44:21-48
119            </intent-filter>
120        </activity>
121
122        <service
122-->[com.google.firebase:firebase-auth:23.1.0] AndroidManifest.xml:66:9-72:19
123            android:name="com.google.firebase.components.ComponentDiscoveryService"
123-->[com.google.firebase:firebase-auth:23.1.0] AndroidManifest.xml:67:13-84
124            android:directBootAware="true"
124-->[com.google.firebase:firebase-common:21.0.0] AndroidManifest.xml:32:13-43
125            android:exported="false" >
125-->[com.google.firebase:firebase-auth:23.1.0] AndroidManifest.xml:68:13-37
126            <meta-data
126-->[com.google.firebase:firebase-auth:23.1.0] AndroidManifest.xml:69:13-71:85
127                android:name="com.google.firebase.components:com.google.firebase.auth.FirebaseAuthRegistrar"
127-->[com.google.firebase:firebase-auth:23.1.0] AndroidManifest.xml:70:17-109
128                android:value="com.google.firebase.components.ComponentRegistrar" />
128-->[com.google.firebase:firebase-auth:23.1.0] AndroidManifest.xml:71:17-82
129            <meta-data
129-->[com.google.firebase:firebase-firestore:25.1.1] AndroidManifest.xml:17:13-19:85
130                android:name="com.google.firebase.components:com.google.firebase.firestore.FirebaseFirestoreKtxRegistrar"
130-->[com.google.firebase:firebase-firestore:25.1.1] AndroidManifest.xml:18:17-122
131                android:value="com.google.firebase.components.ComponentRegistrar" />
131-->[com.google.firebase:firebase-firestore:25.1.1] AndroidManifest.xml:19:17-82
132            <meta-data
132-->[com.google.firebase:firebase-firestore:25.1.1] AndroidManifest.xml:20:13-22:85
133                android:name="com.google.firebase.components:com.google.firebase.firestore.FirestoreRegistrar"
133-->[com.google.firebase:firebase-firestore:25.1.1] AndroidManifest.xml:21:17-111
134                android:value="com.google.firebase.components.ComponentRegistrar" />
134-->[com.google.firebase:firebase-firestore:25.1.1] AndroidManifest.xml:22:17-82
135            <meta-data
135-->[com.google.firebase:firebase-common-ktx:21.0.0] AndroidManifest.xml:12:13-14:85
136                android:name="com.google.firebase.components:com.google.firebase.ktx.FirebaseCommonLegacyRegistrar"
136-->[com.google.firebase:firebase-common-ktx:21.0.0] AndroidManifest.xml:13:17-116
137                android:value="com.google.firebase.components.ComponentRegistrar" />
137-->[com.google.firebase:firebase-common-ktx:21.0.0] AndroidManifest.xml:14:17-82
138            <meta-data
138-->[com.google.firebase:firebase-common:21.0.0] AndroidManifest.xml:35:13-37:85
139                android:name="com.google.firebase.components:com.google.firebase.FirebaseCommonKtxRegistrar"
139-->[com.google.firebase:firebase-common:21.0.0] AndroidManifest.xml:36:17-109
140                android:value="com.google.firebase.components.ComponentRegistrar" />
140-->[com.google.firebase:firebase-common:21.0.0] AndroidManifest.xml:37:17-82
141        </service>
142        <service
142-->[androidx.credentials:credentials-play-services-auth:1.2.0-rc01] AndroidManifest.xml:24:9-32:19
143            android:name="androidx.credentials.playservices.CredentialProviderMetadataHolder"
143-->[androidx.credentials:credentials-play-services-auth:1.2.0-rc01] AndroidManifest.xml:25:13-94
144            android:enabled="true"
144-->[androidx.credentials:credentials-play-services-auth:1.2.0-rc01] AndroidManifest.xml:26:13-35
145            android:exported="false" >
145-->[androidx.credentials:credentials-play-services-auth:1.2.0-rc01] AndroidManifest.xml:27:13-37
146            <meta-data
146-->[androidx.credentials:credentials-play-services-auth:1.2.0-rc01] AndroidManifest.xml:29:13-31:104
147                android:name="androidx.credentials.CREDENTIAL_PROVIDER_KEY"
147-->[androidx.credentials:credentials-play-services-auth:1.2.0-rc01] AndroidManifest.xml:30:17-76
148                android:value="androidx.credentials.playservices.CredentialProviderPlayServicesImpl" />
148-->[androidx.credentials:credentials-play-services-auth:1.2.0-rc01] AndroidManifest.xml:31:17-101
149        </service>
150
151        <activity
151-->[androidx.credentials:credentials-play-services-auth:1.2.0-rc01] AndroidManifest.xml:34:9-41:20
152            android:name="androidx.credentials.playservices.HiddenActivity"
152-->[androidx.credentials:credentials-play-services-auth:1.2.0-rc01] AndroidManifest.xml:35:13-76
153            android:configChanges="orientation|screenSize|screenLayout|keyboardHidden"
153-->[androidx.credentials:credentials-play-services-auth:1.2.0-rc01] AndroidManifest.xml:36:13-87
154            android:enabled="true"
154-->[androidx.credentials:credentials-play-services-auth:1.2.0-rc01] AndroidManifest.xml:37:13-35
155            android:exported="false"
155-->[androidx.credentials:credentials-play-services-auth:1.2.0-rc01] AndroidManifest.xml:38:13-37
156            android:fitsSystemWindows="true"
156-->[androidx.credentials:credentials-play-services-auth:1.2.0-rc01] AndroidManifest.xml:39:13-45
157            android:theme="@style/Theme.Hidden" >
157-->[androidx.credentials:credentials-play-services-auth:1.2.0-rc01] AndroidManifest.xml:40:13-48
158        </activity>
159        <activity
159-->[com.google.android.gms:play-services-auth:20.7.0] AndroidManifest.xml:23:9-27:75
160            android:name="com.google.android.gms.auth.api.signin.internal.SignInHubActivity"
160-->[com.google.android.gms:play-services-auth:20.7.0] AndroidManifest.xml:24:13-93
161            android:excludeFromRecents="true"
161-->[com.google.android.gms:play-services-auth:20.7.0] AndroidManifest.xml:25:13-46
162            android:exported="false"
162-->[com.google.android.gms:play-services-auth:20.7.0] AndroidManifest.xml:26:13-37
163            android:theme="@android:style/Theme.Translucent.NoTitleBar" />
163-->[com.google.android.gms:play-services-auth:20.7.0] AndroidManifest.xml:27:13-72
164        <!--
165            Service handling Google Sign-In user revocation. For apps that do not integrate with
166            Google Sign-In, this service will never be started.
167        -->
168        <service
168-->[com.google.android.gms:play-services-auth:20.7.0] AndroidManifest.xml:33:9-37:51
169            android:name="com.google.android.gms.auth.api.signin.RevocationBoundService"
169-->[com.google.android.gms:play-services-auth:20.7.0] AndroidManifest.xml:34:13-89
170            android:exported="true"
170-->[com.google.android.gms:play-services-auth:20.7.0] AndroidManifest.xml:35:13-36
171            android:permission="com.google.android.gms.auth.api.signin.permission.REVOCATION_NOTIFICATION"
171-->[com.google.android.gms:play-services-auth:20.7.0] AndroidManifest.xml:36:13-107
172            android:visibleToInstantApps="true" />
172-->[com.google.android.gms:play-services-auth:20.7.0] AndroidManifest.xml:37:13-48
173
174        <provider
174-->[com.google.firebase:firebase-common:21.0.0] AndroidManifest.xml:23:9-28:39
175            android:name="com.google.firebase.provider.FirebaseInitProvider"
175-->[com.google.firebase:firebase-common:21.0.0] AndroidManifest.xml:24:13-77
176            android:authorities="com.example.personallifelogger.firebaseinitprovider"
176-->[com.google.firebase:firebase-common:21.0.0] AndroidManifest.xml:25:13-72
177            android:directBootAware="true"
177-->[com.google.firebase:firebase-common:21.0.0] AndroidManifest.xml:26:13-43
178            android:exported="false"
178-->[com.google.firebase:firebase-common:21.0.0] AndroidManifest.xml:27:13-37
179            android:initOrder="100" />
179-->[com.google.firebase:firebase-common:21.0.0] AndroidManifest.xml:28:13-36
180
181        <activity
181-->[com.google.android.gms:play-services-base:18.0.1] AndroidManifest.xml:20:9-22:45
182            android:name="com.google.android.gms.common.api.GoogleApiActivity"
182-->[com.google.android.gms:play-services-base:18.0.1] AndroidManifest.xml:20:19-85
183            android:exported="false"
183-->[com.google.android.gms:play-services-base:18.0.1] AndroidManifest.xml:22:19-43
184            android:theme="@android:style/Theme.Translucent.NoTitleBar" />
184-->[com.google.android.gms:play-services-base:18.0.1] AndroidManifest.xml:21:19-78
185
186        <service
186-->[androidx.room:room-runtime:2.6.1] AndroidManifest.xml:24:9-28:63
187            android:name="androidx.room.MultiInstanceInvalidationService"
187-->[androidx.room:room-runtime:2.6.1] AndroidManifest.xml:25:13-74
188            android:directBootAware="true"
188-->[androidx.room:room-runtime:2.6.1] AndroidManifest.xml:26:13-43
189            android:exported="false" />
189-->[androidx.room:room-runtime:2.6.1] AndroidManifest.xml:27:13-37
190
191        <activity
191-->[androidx.compose.ui:ui-test-manifest:1.6.8] AndroidManifest.xml:23:9-25:39
192            android:name="androidx.activity.ComponentActivity"
192-->[androidx.compose.ui:ui-test-manifest:1.6.8] AndroidManifest.xml:24:13-63
193            android:exported="true" />
193-->[androidx.compose.ui:ui-test-manifest:1.6.8] AndroidManifest.xml:25:13-36
194        <activity
194-->[androidx.compose.ui:ui-tooling-android:1.6.8] AndroidManifest.xml:23:9-25:39
195            android:name="androidx.compose.ui.tooling.PreviewActivity"
195-->[androidx.compose.ui:ui-tooling-android:1.6.8] AndroidManifest.xml:24:13-71
196            android:exported="true" />
196-->[androidx.compose.ui:ui-tooling-android:1.6.8] AndroidManifest.xml:25:13-36
197
198        <provider
198-->[androidx.emoji2:emoji2:1.3.0] AndroidManifest.xml:24:9-32:20
199            android:name="androidx.startup.InitializationProvider"
199-->[androidx.emoji2:emoji2:1.3.0] AndroidManifest.xml:25:13-67
200            android:authorities="com.example.personallifelogger.androidx-startup"
200-->[androidx.emoji2:emoji2:1.3.0] AndroidManifest.xml:26:13-68
201            android:exported="false" >
201-->[androidx.emoji2:emoji2:1.3.0] AndroidManifest.xml:27:13-37
202            <meta-data
202-->[androidx.emoji2:emoji2:1.3.0] AndroidManifest.xml:29:13-31:52
203                android:name="androidx.emoji2.text.EmojiCompatInitializer"
203-->[androidx.emoji2:emoji2:1.3.0] AndroidManifest.xml:30:17-75
204                android:value="androidx.startup" />
204-->[androidx.emoji2:emoji2:1.3.0] AndroidManifest.xml:31:17-49
205            <meta-data
205-->[androidx.lifecycle:lifecycle-process:2.8.3] AndroidManifest.xml:29:13-31:52
206                android:name="androidx.lifecycle.ProcessLifecycleInitializer"
206-->[androidx.lifecycle:lifecycle-process:2.8.3] AndroidManifest.xml:30:17-78
207                android:value="androidx.startup" />
207-->[androidx.lifecycle:lifecycle-process:2.8.3] AndroidManifest.xml:31:17-49
208            <meta-data
208-->[androidx.profileinstaller:profileinstaller:1.3.1] AndroidManifest.xml:29:13-31:52
209                android:name="androidx.profileinstaller.ProfileInstallerInitializer"
209-->[androidx.profileinstaller:profileinstaller:1.3.1] AndroidManifest.xml:30:17-85
210                android:value="androidx.startup" />
210-->[androidx.profileinstaller:profileinstaller:1.3.1] AndroidManifest.xml:31:17-49
211        </provider>
212
213        <meta-data
213-->[com.google.android.gms:play-services-basement:18.4.0] AndroidManifest.xml:6:9-122
214            android:name="com.google.android.gms.version"
214-->[com.google.android.gms:play-services-basement:18.4.0] AndroidManifest.xml:6:20-65
215            android:value="@integer/google_play_services_version" />
215-->[com.google.android.gms:play-services-basement:18.4.0] AndroidManifest.xml:6:66-119
216
217        <receiver
217-->[androidx.profileinstaller:profileinstaller:1.3.1] AndroidManifest.xml:34:9-52:20
218            android:name="androidx.profileinstaller.ProfileInstallReceiver"
218-->[androidx.profileinstaller:profileinstaller:1.3.1] AndroidManifest.xml:35:13-76
219            android:directBootAware="false"
219-->[androidx.profileinstaller:profileinstaller:1.3.1] AndroidManifest.xml:36:13-44
220            android:enabled="true"
220-->[androidx.profileinstaller:profileinstaller:1.3.1] AndroidManifest.xml:37:13-35
221            android:exported="true"
221-->[androidx.profileinstaller:profileinstaller:1.3.1] AndroidManifest.xml:38:13-36
222            android:permission="android.permission.DUMP" >
222-->[androidx.profileinstaller:profileinstaller:1.3.1] AndroidManifest.xml:39:13-57
223            <intent-filter>
223-->[androidx.profileinstaller:profileinstaller:1.3.1] AndroidManifest.xml:40:13-42:29
224                <action android:name="androidx.profileinstaller.action.INSTALL_PROFILE" />
224-->[androidx.profileinstaller:profileinstaller:1.3.1] AndroidManifest.xml:41:17-91
224-->[androidx.profileinstaller:profileinstaller:1.3.1] AndroidManifest.xml:41:25-88
225            </intent-filter>
226            <intent-filter>
226-->[androidx.profileinstaller:profileinstaller:1.3.1] AndroidManifest.xml:43:13-45:29
227                <action android:name="androidx.profileinstaller.action.SKIP_FILE" />
227-->[androidx.profileinstaller:profileinstaller:1.3.1] AndroidManifest.xml:44:17-85
227-->[androidx.profileinstaller:profileinstaller:1.3.1] AndroidManifest.xml:44:25-82
228            </intent-filter>
229            <intent-filter>
229-->[androidx.profileinstaller:profileinstaller:1.3.1] AndroidManifest.xml:46:13-48:29
230                <action android:name="androidx.profileinstaller.action.SAVE_PROFILE" />
230-->[androidx.profileinstaller:profileinstaller:1.3.1] AndroidManifest.xml:47:17-88
230-->[androidx.profileinstaller:profileinstaller:1.3.1] AndroidManifest.xml:47:25-85
231            </intent-filter>
232            <intent-filter>
232-->[androidx.profileinstaller:profileinstaller:1.3.1] AndroidManifest.xml:49:13-51:29
233                <action android:name="androidx.profileinstaller.action.BENCHMARK_OPERATION" />
233-->[androidx.profileinstaller:profileinstaller:1.3.1] AndroidManifest.xml:50:17-95
233-->[androidx.profileinstaller:profileinstaller:1.3.1] AndroidManifest.xml:50:25-92
234            </intent-filter>
235        </receiver> <!-- The activities will be merged into the manifest of the hosting app. -->
236        <activity
236-->[com.google.android.play:core-common:2.0.3] AndroidManifest.xml:14:9-18:65
237            android:name="com.google.android.play.core.common.PlayCoreDialogWrapperActivity"
237-->[com.google.android.play:core-common:2.0.3] AndroidManifest.xml:15:13-93
238            android:exported="false"
238-->[com.google.android.play:core-common:2.0.3] AndroidManifest.xml:16:13-37
239            android:stateNotNeeded="true"
239-->[com.google.android.play:core-common:2.0.3] AndroidManifest.xml:17:13-42
240            android:theme="@style/Theme.PlayCore.Transparent" />
240-->[com.google.android.play:core-common:2.0.3] AndroidManifest.xml:18:13-62
241    </application>
242
243</manifest>